PLINK v1.90b7 64-bit (16 Jan 2023)
Options in effect:
  --bfile out_sim
  --out sim_map
  --recode

Hostname: DESKTOP-4S26RIJ
Working directory: /home/phlup/Masterarbeit/code/plink_linux_x86_64_20230116
Start time: Sun Sep  3 16:02:01 2023

Random number seed: 1693749721
12751 MB RAM detected; reserving 6375 MB for main workspace.
1000 variants loaded from .bim file.
2000 people (0 males, 2000 females) loaded from .fam.
2000 phenotype values loaded from .fam.
Using 1 thread (no multithreaded calculations invoked).
Before main variant filters, 2000 founders and 0 nonfounders present.
Calculating allele frequencies... done.
Total genotyping rate is exactly 1.
1000 variants and 2000 people pass filters and QC.
Among remaining phenotypes, 1000 are cases and 1000 are controls.
--recode ped to sim_map.ped + sim_map.map ... done.

End time: Sun Sep  3 16:02:01 2023
